Traceback (most recent call last):
  File "/gpfs/projects/bgmp/bmeluch/bioinfo/Bi623/QAA/part2/./length_dist.py", line 68, in <module>
    plt.bar(x-width/2, y1, width)
  File "/projects/bgmp/bmeluch/miniconda3/envs/QAA/lib/python3.10/site-packages/matplotlib/pyplot.py", line 2397, in bar
    return gca().bar(
  File "/projects/bgmp/bmeluch/miniconda3/envs/QAA/lib/python3.10/site-packages/matplotlib/__init__.py", line 1414, in inner
    return func(ax, *map(sanitize_sequence, args), **kwargs)
  File "/projects/bgmp/bmeluch/miniconda3/envs/QAA/lib/python3.10/site-packages/matplotlib/axes/_axes.py", line 2345, in bar
    x, height, width, y, linewidth, hatch = np.broadcast_arrays(
  File "<__array_function__ internals>", line 180, in broadcast_arrays
  File "/projects/bgmp/bmeluch/miniconda3/envs/QAA/lib/python3.10/site-packages/numpy/lib/stride_tricks.py", line 540, in broadcast_arrays
    shape = _broadcast_shape(*args)
  File "/projects/bgmp/bmeluch/miniconda3/envs/QAA/lib/python3.10/site-packages/numpy/lib/stride_tricks.py", line 422, in _broadcast_shape
    b = np.broadcast(*args[:32])
ValueError: shape mismatch: objects cannot be broadcast to a single shape.  Mismatch is between arg 0 with shape (67,) and arg 1 with shape (102,).
Command exited with non-zero status 1
	Command being timed: "./length_dist.py -r1 /projects/bgmp/bmeluch/bioinfo/Bi623/QAA/part2/trimmomatic_8_2F_fox_S7_1P.fastq.gz -r2 /projects/bgmp/bmeluch/bioinfo/Bi623/QAA/part2/trimmomatic_8_2F_fox_S7_2P.fastq.gz -o /projects/bgmp/bmeluch/bioinfo/Bi623/QAA/part2/8_2F_fox_S7_length_dist.png"
	User time (seconds): 120.41
	System time (seconds): 0.77
	Percent of CPU this job got: 100%
	Elapsed (wall clock) time (h:mm:ss or m:ss): 2:01.02
	Average shared text size (kbytes): 0
	Average unshared data size (kbytes): 0
	Average stack size (kbytes): 0
	Average total size (kbytes): 0
	Maximum resident set size (kbytes): 51916
	Average resident set size (kbytes): 0
	Major (requiring I/O) page faults: 0
	Minor (reclaiming a frame) page faults: 24484
	Voluntary context switches: 105
	Involuntary context switches: 166
	Swaps: 0
	File system inputs: 0
	File system outputs: 0
	Socket messages sent: 0
	Socket messages received: 0
	Signals delivered: 0
	Page size (bytes): 4096
	Exit status: 1
Traceback (most recent call last):
  File "/gpfs/projects/bgmp/bmeluch/bioinfo/Bi623/QAA/part2/./length_dist.py", line 68, in <module>
    plt.bar(x-width/2, y1, width)
  File "/projects/bgmp/bmeluch/miniconda3/envs/QAA/lib/python3.10/site-packages/matplotlib/pyplot.py", line 2397, in bar
    return gca().bar(
  File "/projects/bgmp/bmeluch/miniconda3/envs/QAA/lib/python3.10/site-packages/matplotlib/__init__.py", line 1414, in inner
    return func(ax, *map(sanitize_sequence, args), **kwargs)
  File "/projects/bgmp/bmeluch/miniconda3/envs/QAA/lib/python3.10/site-packages/matplotlib/axes/_axes.py", line 2345, in bar
    x, height, width, y, linewidth, hatch = np.broadcast_arrays(
  File "<__array_function__ internals>", line 180, in broadcast_arrays
  File "/projects/bgmp/bmeluch/miniconda3/envs/QAA/lib/python3.10/site-packages/numpy/lib/stride_tricks.py", line 540, in broadcast_arrays
    shape = _broadcast_shape(*args)
  File "/projects/bgmp/bmeluch/miniconda3/envs/QAA/lib/python3.10/site-packages/numpy/lib/stride_tricks.py", line 422, in _broadcast_shape
    b = np.broadcast(*args[:32])
ValueError: shape mismatch: objects cannot be broadcast to a single shape.  Mismatch is between arg 0 with shape (67,) and arg 1 with shape (102,).
Command exited with non-zero status 1
	Command being timed: "./length_dist.py -r1 /projects/bgmp/bmeluch/bioinfo/Bi623/QAA/part2/trimmomatic_14_3B_control_S10_1P.fastq.gz -r2 /projects/bgmp/bmeluch/bioinfo/Bi623/QAA/part2/trimmomatic_14_3B_control_S10_2P.fastq.gz -o /projects/bgmp/bmeluch/bioinfo/Bi623/QAA/part2/14_3B_control_S10_length_dist.png"
	User time (seconds): 14.78
	System time (seconds): 0.41
	Percent of CPU this job got: 101%
	Elapsed (wall clock) time (h:mm:ss or m:ss): 0:14.92
	Average shared text size (kbytes): 0
	Average unshared data size (kbytes): 0
	Average stack size (kbytes): 0
	Average total size (kbytes): 0
	Maximum resident set size (kbytes): 51900
	Average resident set size (kbytes): 0
	Major (requiring I/O) page faults: 0
	Minor (reclaiming a frame) page faults: 21472
	Voluntary context switches: 95
	Involuntary context switches: 14
	Swaps: 0
	File system inputs: 0
	File system outputs: 0
	Socket messages sent: 0
	Socket messages received: 0
	Signals delivered: 0
	Page size (bytes): 4096
	Exit status: 1
