Traceback (most recent call last):
  File "/gpfs/projects/bgmp/bmeluch/bioinfo/Bi623/QAA/part2/./length_dist.py", line 59, in <module>
    read1_lengths.remove(i)
ValueError: list.remove(x): x not in list
Command exited with non-zero status 1
	Command being timed: "./length_dist.py -r1 /projects/bgmp/bmeluch/bioinfo/Bi623/QAA/part2/trimmomatic_8_2F_fox_S7_1P.fastq.gz -r2 /projects/bgmp/bmeluch/bioinfo/Bi623/QAA/part2/trimmomatic_8_2F_fox_S7_2P.fastq.gz -o /projects/bgmp/bmeluch/bioinfo/Bi623/QAA/part2/8_2F_fox_S7_length_dist.png"
	User time (seconds): 117.23
	System time (seconds): 0.75
	Percent of CPU this job got: 100%
	Elapsed (wall clock) time (h:mm:ss or m:ss): 1:57.76
	Average shared text size (kbytes): 0
	Average unshared data size (kbytes): 0
	Average stack size (kbytes): 0
	Average total size (kbytes): 0
	Maximum resident set size (kbytes): 49256
	Average resident set size (kbytes): 0
	Major (requiring I/O) page faults: 0
	Minor (reclaiming a frame) page faults: 24222
	Voluntary context switches: 101
	Involuntary context switches: 44
	Swaps: 0
	File system inputs: 0
	File system outputs: 0
	Socket messages sent: 0
	Socket messages received: 0
	Signals delivered: 0
	Page size (bytes): 4096
	Exit status: 1
Traceback (most recent call last):
  File "/gpfs/projects/bgmp/bmeluch/bioinfo/Bi623/QAA/part2/./length_dist.py", line 59, in <module>
    read1_lengths.remove(i)
ValueError: list.remove(x): x not in list
Command exited with non-zero status 1
	Command being timed: "./length_dist.py -r1 /projects/bgmp/bmeluch/bioinfo/Bi623/QAA/part2/trimmomatic_14_3B_control_S10_1P.fastq.gz -r2 /projects/bgmp/bmeluch/bioinfo/Bi623/QAA/part2/trimmomatic_14_3B_control_S10_2P.fastq.gz -o /projects/bgmp/bmeluch/bioinfo/Bi623/QAA/part2/14_3B_control_S10_length_dist.png"
	User time (seconds): 14.74
	System time (seconds): 0.40
	Percent of CPU this job got: 101%
	Elapsed (wall clock) time (h:mm:ss or m:ss): 0:14.92
	Average shared text size (kbytes): 0
	Average unshared data size (kbytes): 0
	Average stack size (kbytes): 0
	Average total size (kbytes): 0
	Maximum resident set size (kbytes): 51180
	Average resident set size (kbytes): 0
	Major (requiring I/O) page faults: 0
	Minor (reclaiming a frame) page faults: 21246
	Voluntary context switches: 112
	Involuntary context switches: 48
	Swaps: 0
	File system inputs: 0
	File system outputs: 0
	Socket messages sent: 0
	Socket messages received: 0
	Signals delivered: 0
	Page size (bytes): 4096
	Exit status: 1
