	Command being timed: "./length_dist.py -r1 /projects/bgmp/bmeluch/bioinfo/Bi623/QAA/part2/trimmomatic_8_2F_fox_S7_1P.fastq.gz -r2 /projects/bgmp/bmeluch/bioinfo/Bi623/QAA/part2/trimmomatic_8_2F_fox_S7_2P.fastq.gz -o /projects/bgmp/bmeluch/bioinfo/Bi623/QAA/part2/8_2F_fox_S7_length_dist.png"
	User time (seconds): 117.28
	System time (seconds): 0.99
	Percent of CPU this job got: 97%
	Elapsed (wall clock) time (h:mm:ss or m:ss): 2:01.30
	Average shared text size (kbytes): 0
	Average unshared data size (kbytes): 0
	Average stack size (kbytes): 0
	Average total size (kbytes): 0
	Maximum resident set size (kbytes): 58988
	Average resident set size (kbytes): 0
	Major (requiring I/O) page faults: 0
	Minor (reclaiming a frame) page faults: 26119
	Voluntary context switches: 1401
	Involuntary context switches: 37
	Swaps: 0
	File system inputs: 0
	File system outputs: 0
	Socket messages sent: 0
	Socket messages received: 0
	Signals delivered: 0
	Page size (bytes): 4096
	Exit status: 0
	Command being timed: "./length_dist.py -r1 /projects/bgmp/bmeluch/bioinfo/Bi623/QAA/part2/trimmomatic_14_3B_control_S10_1P.fastq.gz -r2 /projects/bgmp/bmeluch/bioinfo/Bi623/QAA/part2/trimmomatic_14_3B_control_S10_2P.fastq.gz -o /projects/bgmp/bmeluch/bioinfo/Bi623/QAA/part2/14_3B_control_S10_length_dist.png"
	User time (seconds): 15.19
	System time (seconds): 0.59
	Percent of CPU this job got: 102%
	Elapsed (wall clock) time (h:mm:ss or m:ss): 0:15.37
	Average shared text size (kbytes): 0
	Average unshared data size (kbytes): 0
	Average stack size (kbytes): 0
	Average total size (kbytes): 0
	Maximum resident set size (kbytes): 60848
	Average resident set size (kbytes): 0
	Major (requiring I/O) page faults: 0
	Minor (reclaiming a frame) page faults: 23213
	Voluntary context switches: 127
	Involuntary context switches: 8
	Swaps: 0
	File system inputs: 0
	File system outputs: 0
	Socket messages sent: 0
	Socket messages received: 0
	Signals delivered: 0
	Page size (bytes): 4096
	Exit status: 0
