Traceback (most recent call last):
  File "/gpfs/projects/bgmp/bmeluch/bioinfo/Bi623/QAA/part2/./length_dist.py", line 55, in <module>
    if read1_lengths[i] > 0 or readlengths_2[i] > 0:
NameError: name 'readlengths_2' is not defined. Did you mean: 'read1_lengths'?
Command exited with non-zero status 1
	Command being timed: "./length_dist.py -r1 /projects/bgmp/bmeluch/bioinfo/Bi623/QAA/part2/trimmomatic_8_2F_fox_S7_1P.fastq.gz -r2 /projects/bgmp/bmeluch/bioinfo/Bi623/QAA/part2/trimmomatic_8_2F_fox_S7_2P.fastq.gz -o /projects/bgmp/bmeluch/bioinfo/Bi623/QAA/part2/8_2F_fox_S7_length_dist.png"
	User time (seconds): 118.10
	System time (seconds): 0.71
	Percent of CPU this job got: 99%
	Elapsed (wall clock) time (h:mm:ss or m:ss): 1:59.58
	Average shared text size (kbytes): 0
	Average unshared data size (kbytes): 0
	Average stack size (kbytes): 0
	Average total size (kbytes): 0
	Maximum resident set size (kbytes): 49256
	Average resident set size (kbytes): 0
	Major (requiring I/O) page faults: 0
	Minor (reclaiming a frame) page faults: 24155
	Voluntary context switches: 143
	Involuntary context switches: 152
	Swaps: 0
	File system inputs: 0
	File system outputs: 0
	Socket messages sent: 0
	Socket messages received: 0
	Signals delivered: 0
	Page size (bytes): 4096
	Exit status: 1
Traceback (most recent call last):
  File "/gpfs/projects/bgmp/bmeluch/bioinfo/Bi623/QAA/part2/./length_dist.py", line 55, in <module>
    if read1_lengths[i] > 0 or readlengths_2[i] > 0:
NameError: name 'readlengths_2' is not defined. Did you mean: 'read1_lengths'?
Command exited with non-zero status 1
	Command being timed: "./length_dist.py -r1 /projects/bgmp/bmeluch/bioinfo/Bi623/QAA/part2/trimmomatic_14_3B_control_S10_1P.fastq.gz -r2 /projects/bgmp/bmeluch/bioinfo/Bi623/QAA/part2/trimmomatic_14_3B_control_S10_2P.fastq.gz -o /projects/bgmp/bmeluch/bioinfo/Bi623/QAA/part2/14_3B_control_S10_length_dist.png"
	User time (seconds): 15.05
	System time (seconds): 0.38
	Percent of CPU this job got: 101%
	Elapsed (wall clock) time (h:mm:ss or m:ss): 0:15.21
	Average shared text size (kbytes): 0
	Average unshared data size (kbytes): 0
	Average stack size (kbytes): 0
	Average total size (kbytes): 0
	Maximum resident set size (kbytes): 49024
	Average resident set size (kbytes): 0
	Major (requiring I/O) page faults: 0
	Minor (reclaiming a frame) page faults: 21243
	Voluntary context switches: 91
	Involuntary context switches: 84
	Swaps: 0
	File system inputs: 0
	File system outputs: 0
	Socket messages sent: 0
	Socket messages received: 0
	Signals delivered: 0
	Page size (bytes): 4096
	Exit status: 1
