TrimmomaticPE: Started with arguments:
 cutadapt_14_3B_control_S10_L008_R1_001.fastq.gz cutadapt_14_3B_control_S10_L008_R2_001.fastq.gz -baseout trimmomatic_14_3B_control_S10.fastq.gz LEADING:3 TRAILING:3 SLIDINGWINDOW:5:15 MINLEN:35
Multiple cores found: Using 4 threads
Using templated Output files: trimmomatic_14_3B_control_S10_1P.fastq.gz trimmomatic_14_3B_control_S10_1U.fastq.gz trimmomatic_14_3B_control_S10_2P.fastq.gz trimmomatic_14_3B_control_S10_2U.fastq.gz
Quality encoding detected as phred33
Input Read Pairs: 4440378 Both Surviving: 4245444 (95.61%) Forward Only Surviving: 183589 (4.13%) Reverse Only Surviving: 3781 (0.09%) Dropped: 7564 (0.17%)
TrimmomaticPE: Completed successfully
	Command being timed: "trimmomatic PE cutadapt_14_3B_control_S10_L008_R1_001.fastq.gz cutadapt_14_3B_control_S10_L008_R2_001.fastq.gz -baseout trimmomatic_14_3B_control_S10.fastq.gz LEADING:3 TRAILING:3 SLIDINGWINDOW:5:15 MINLEN:35"
	User time (seconds): 207.22
	System time (seconds): 3.05
	Percent of CPU this job got: 210%
	Elapsed (wall clock) time (h:mm:ss or m:ss): 1:40.00
	Average shared text size (kbytes): 0
	Average unshared data size (kbytes): 0
	Average stack size (kbytes): 0
	Average total size (kbytes): 0
	Maximum resident set size (kbytes): 391376
	Average resident set size (kbytes): 0
	Major (requiring I/O) page faults: 0
	Minor (reclaiming a frame) page faults: 40112
	Voluntary context switches: 47445
	Involuntary context switches: 882
	Swaps: 0
	File system inputs: 0
	File system outputs: 544
	Socket messages sent: 0
	Socket messages received: 0
	Signals delivered: 0
	Page size (bytes): 4096
	Exit status: 0
