Traceback (most recent call last):
  File "/projects/bgmp/bmeluch/bioinfo/Bi623/QAA/part3/PS8.py", line 39, in <module>
    mappedr[align_fields[0]] += 1
KeyError: 'K00337:83:HJKJNBBXX:8:1101:1489:1191'
Command exited with non-zero status 1
	Command being timed: "/projects/bgmp/bmeluch/bioinfo/Bi623/QAA/part3/PS8.py -f /projects/bgmp/bmeluch/bioinfo/Bi623/QAA/part3/aligned/8_2F_fox_S7Aligned.out.sam -o /projects/bgmp/bmeluch/bioinfo/Bi623/QAA/part3/counts/8_2F_fox_S7_counts.txt"
	User time (seconds): 0.01
	System time (seconds): 0.01
	Percent of CPU this job got: 8%
	Elapsed (wall clock) time (h:mm:ss or m:ss): 0:00.45
	Average shared text size (kbytes): 0
	Average unshared data size (kbytes): 0
	Average stack size (kbytes): 0
	Average total size (kbytes): 0
	Maximum resident set size (kbytes): 9744
	Average resident set size (kbytes): 0
	Major (requiring I/O) page faults: 0
	Minor (reclaiming a frame) page faults: 2210
	Voluntary context switches: 149
	Involuntary context switches: 2
	Swaps: 0
	File system inputs: 0
	File system outputs: 0
	Socket messages sent: 0
	Socket messages received: 0
	Signals delivered: 0
	Page size (bytes): 4096
	Exit status: 1
