	Command being timed: "STAR --runThreadN 8 --runMode alignReads --outFilterMultimapNmax 3 --outSAMunmapped Within KeepPairs --alignIntronMax 1000000 --alignMatesGapMax 1000000 --readFilesCommand zcat --readFilesIn /projects/bgmp/bmeluch/bioinfo/Bi623/QAA/part2/trimmomatic_8_2F_fox_S7_1P.fastq.gz /projects/bgmp/bmeluch/bioinfo/Bi623/QAA/part2/trimmomatic_8_2F_fox_S7_2P.fastq.gz --genomeDir /projects/bgmp/bmeluch/bioinfo/Bi623/QAA/part3/Mus_musculus.GRCm39.107.STAR_2.7.1a --outFileNamePrefix /projects/bgmp/bmeluch/bioinfo/Bi623/QAA/part3/aligned/8_2F_fox_S7"
	User time (seconds): 1721.47
	System time (seconds): 14.96
	Percent of CPU this job got: 690%
	Elapsed (wall clock) time (h:mm:ss or m:ss): 4:11.52
	Average shared text size (kbytes): 0
	Average unshared data size (kbytes): 0
	Average stack size (kbytes): 0
	Average total size (kbytes): 0
	Maximum resident set size (kbytes): 27530792
	Average resident set size (kbytes): 0
	Major (requiring I/O) page faults: 0
	Minor (reclaiming a frame) page faults: 647506
	Voluntary context switches: 278299
	Involuntary context switches: 9266
	Swaps: 0
	File system inputs: 0
	File system outputs: 0
	Socket messages sent: 0
	Socket messages received: 0
	Signals delivered: 0
	Page size (bytes): 4096
	Exit status: 0
	Command being timed: "STAR --runThreadN 8 --runMode alignReads --outFilterMultimapNmax 3 --outSAMunmapped Within KeepPairs --alignIntronMax 1000000 --alignMatesGapMax 1000000 --readFilesCommand zcat --readFilesIn /projects/bgmp/bmeluch/bioinfo/Bi623/QAA/part2/trimmomatic_14_3B_control_S10_1P.fastq.gz /projects/bgmp/bmeluch/bioinfo/Bi623/QAA/part2/trimmomatic_14_3B_control_S10_2P.fastq.gz --genomeDir /projects/bgmp/bmeluch/bioinfo/Bi623/QAA/part3/Mus_musculus.GRCm39.107.STAR_2.7.1a --outFileNamePrefix /projects/bgmp/bmeluch/bioinfo/Bi623/QAA/part3/aligned/14_3B_control_S10"
	User time (seconds): 194.41
	System time (seconds): 6.32
	Percent of CPU this job got: 544%
	Elapsed (wall clock) time (h:mm:ss or m:ss): 0:36.88
	Average shared text size (kbytes): 0
	Average unshared data size (kbytes): 0
	Average stack size (kbytes): 0
	Average total size (kbytes): 0
	Maximum resident set size (kbytes): 27366444
	Average resident set size (kbytes): 0
	Major (requiring I/O) page faults: 0
	Minor (reclaiming a frame) page faults: 157175
	Voluntary context switches: 34215
	Involuntary context switches: 1070
	Swaps: 0
	File system inputs: 0
	File system outputs: 0
	Socket messages sent: 0
	Socket messages received: 0
	Signals delivered: 0
	Page size (bytes): 4096
	Exit status: 0
