	Command being timed: "STAR --runThreadN 8 --runMode alignReads --outFilterMultimapNmax 3 --outSAMunmapped Within KeepPairs --alignIntronMax 1000000 --alignMatesGapMax 1000000 --readFilesCommand zcat --readFilesIn /projects/bgmp/shared/2017_sequencing/demultiplexed/8_2F_fox_S7_L008_R1_001.fastq.gz /projects/bgmp/shared/2017_sequencing/demultiplexed/8_2F_fox_S7_L008_R2_001.fastq.gz --genomeDir /projects/bgmp/bmeluch/bioinfo/Bi623/QAA/part3/Mus_musculus.GRCm39.107.STAR_2.7.1a --outFileNamePrefix /projects/bgmp/bmeluch/bioinfo/Bi623/QAA/part3/aligned/8_2F_fox_S7_L008_R1_001"
	User time (seconds): 2184.94
	System time (seconds): 16.74
	Percent of CPU this job got: 697%
	Elapsed (wall clock) time (h:mm:ss or m:ss): 5:15.87
	Average shared text size (kbytes): 0
	Average unshared data size (kbytes): 0
	Average stack size (kbytes): 0
	Average total size (kbytes): 0
	Maximum resident set size (kbytes): 27530828
	Average resident set size (kbytes): 0
	Major (requiring I/O) page faults: 0
	Minor (reclaiming a frame) page faults: 650909
	Voluntary context switches: 278368
	Involuntary context switches: 11027
	Swaps: 0
	File system inputs: 0
	File system outputs: 0
	Socket messages sent: 0
	Socket messages received: 0
	Signals delivered: 0
	Page size (bytes): 4096
	Exit status: 0
	Command being timed: "STAR --runThreadN 8 --runMode alignReads --outFilterMultimapNmax 3 --outSAMunmapped Within KeepPairs --alignIntronMax 1000000 --alignMatesGapMax 1000000 --readFilesCommand zcat --readFilesIn /projects/bgmp/shared/2017_sequencing/demultiplexed/14_3B_control_S10_L008_R1_001.fastq.gz /projects/bgmp/shared/2017_sequencing/demultiplexed/14_3B_control_S10_L008_R2_001.fastq.gz --genomeDir /projects/bgmp/bmeluch/bioinfo/Bi623/QAA/part3/Mus_musculus.GRCm39.107.STAR_2.7.1a --outFileNamePrefix /projects/bgmp/bmeluch/bioinfo/Bi623/QAA/part3/aligned/14_3B_control_S10_L008_R2_001"
	User time (seconds): 244.21
	System time (seconds): 7.47
	Percent of CPU this job got: 451%
	Elapsed (wall clock) time (h:mm:ss or m:ss): 0:55.76
	Average shared text size (kbytes): 0
	Average unshared data size (kbytes): 0
	Average stack size (kbytes): 0
	Average total size (kbytes): 0
	Maximum resident set size (kbytes): 27368176
	Average resident set size (kbytes): 0
	Major (requiring I/O) page faults: 0
	Minor (reclaiming a frame) page faults: 160013
	Voluntary context switches: 37283
	Involuntary context switches: 1120
	Swaps: 0
	File system inputs: 0
	File system outputs: 0
	Socket messages sent: 0
	Socket messages received: 0
	Signals delivered: 0
	Page size (bytes): 4096
	Exit status: 0
