[E::hts_open_format] Failed to open file "/aligned/8_2F_fox_S7Aligned.out.sam" : No such file or directory
Traceback (most recent call last):
  File "/projects/bgmp/bmeluch/miniconda3/envs/QAA/bin/htseq-count", line 5, in <module>
    HTSeq.scripts.count.main()
  File "/projects/bgmp/bmeluch/miniconda3/envs/QAA/lib/python3.10/site-packages/HTSeq/scripts/count.py", line 473, in main
    args = _parse_sanitize_cmdline_arguments()
  File "/projects/bgmp/bmeluch/miniconda3/envs/QAA/lib/python3.10/site-packages/HTSeq/scripts/count.py", line 465, in _parse_sanitize_cmdline_arguments
    _check_sam_files(args.samfilenames)
  File "/projects/bgmp/bmeluch/miniconda3/envs/QAA/lib/python3.10/site-packages/HTSeq/scripts/count.py", line 158, in _check_sam_files
    with pysam.AlignmentFile(sam_filename, "r") as sf:
  File "pysam/libcalignmentfile.pyx", line 751, in pysam.libcalignmentfile.AlignmentFile.__cinit__
  File "pysam/libcalignmentfile.pyx", line 950, in pysam.libcalignmentfile.AlignmentFile._open
FileNotFoundError: [Errno 2] could not open alignment file `/aligned/8_2F_fox_S7Aligned.out.sam`: No such file or directory
Command exited with non-zero status 1
	Command being timed: "htseq-count --format sam --stranded=yes /aligned/8_2F_fox_S7Aligned.out.sam Mus_musculus.GRCm39.107.gtf"
	User time (seconds): 0.16
	System time (seconds): 0.61
	Percent of CPU this job got: 22%
	Elapsed (wall clock) time (h:mm:ss or m:ss): 0:03.50
	Average shared text size (kbytes): 0
	Average unshared data size (kbytes): 0
	Average stack size (kbytes): 0
	Average total size (kbytes): 0
	Maximum resident set size (kbytes): 31168
	Average resident set size (kbytes): 0
	Major (requiring I/O) page faults: 0
	Minor (reclaiming a frame) page faults: 7324
	Voluntary context switches: 1234
	Involuntary context switches: 169111
	Swaps: 0
	File system inputs: 0
	File system outputs: 0
	Socket messages sent: 0
	Socket messages received: 0
	Signals delivered: 0
	Page size (bytes): 4096
	Exit status: 1
[E::hts_open_format] Failed to open file "/aligned/8_2F_fox_S7Aligned.out.sam" : No such file or directory
Traceback (most recent call last):
  File "/projects/bgmp/bmeluch/miniconda3/envs/QAA/bin/htseq-count", line 5, in <module>
    HTSeq.scripts.count.main()
  File "/projects/bgmp/bmeluch/miniconda3/envs/QAA/lib/python3.10/site-packages/HTSeq/scripts/count.py", line 473, in main
    args = _parse_sanitize_cmdline_arguments()
  File "/projects/bgmp/bmeluch/miniconda3/envs/QAA/lib/python3.10/site-packages/HTSeq/scripts/count.py", line 465, in _parse_sanitize_cmdline_arguments
    _check_sam_files(args.samfilenames)
  File "/projects/bgmp/bmeluch/miniconda3/envs/QAA/lib/python3.10/site-packages/HTSeq/scripts/count.py", line 158, in _check_sam_files
    with pysam.AlignmentFile(sam_filename, "r") as sf:
  File "pysam/libcalignmentfile.pyx", line 751, in pysam.libcalignmentfile.AlignmentFile.__cinit__
  File "pysam/libcalignmentfile.pyx", line 950, in pysam.libcalignmentfile.AlignmentFile._open
FileNotFoundError: [Errno 2] could not open alignment file `/aligned/8_2F_fox_S7Aligned.out.sam`: No such file or directory
Command exited with non-zero status 1
	Command being timed: "htseq-count --format sam --stranded=reverse /aligned/8_2F_fox_S7Aligned.out.sam Mus_musculus.GRCm39.107.gtf"
	User time (seconds): 0.11
	System time (seconds): 0.47
	Percent of CPU this job got: 478%
	Elapsed (wall clock) time (h:mm:ss or m:ss): 0:00.12
	Average shared text size (kbytes): 0
	Average unshared data size (kbytes): 0
	Average stack size (kbytes): 0
	Average total size (kbytes): 0
	Maximum resident set size (kbytes): 34916
	Average resident set size (kbytes): 0
	Major (requiring I/O) page faults: 0
	Minor (reclaiming a frame) page faults: 7325
	Voluntary context switches: 103
	Involuntary context switches: 330260
	Swaps: 0
	File system inputs: 0
	File system outputs: 0
	Socket messages sent: 0
	Socket messages received: 0
	Signals delivered: 0
	Page size (bytes): 4096
	Exit status: 1
[E::hts_open_format] Failed to open file "/aligned/14_3B_control_S10Aligned.out.sam" : No such file or directory
Traceback (most recent call last):
  File "/projects/bgmp/bmeluch/miniconda3/envs/QAA/bin/htseq-count", line 5, in <module>
    HTSeq.scripts.count.main()
  File "/projects/bgmp/bmeluch/miniconda3/envs/QAA/lib/python3.10/site-packages/HTSeq/scripts/count.py", line 473, in main
    args = _parse_sanitize_cmdline_arguments()
  File "/projects/bgmp/bmeluch/miniconda3/envs/QAA/lib/python3.10/site-packages/HTSeq/scripts/count.py", line 465, in _parse_sanitize_cmdline_arguments
    _check_sam_files(args.samfilenames)
  File "/projects/bgmp/bmeluch/miniconda3/envs/QAA/lib/python3.10/site-packages/HTSeq/scripts/count.py", line 158, in _check_sam_files
    with pysam.AlignmentFile(sam_filename, "r") as sf:
  File "pysam/libcalignmentfile.pyx", line 751, in pysam.libcalignmentfile.AlignmentFile.__cinit__
  File "pysam/libcalignmentfile.pyx", line 950, in pysam.libcalignmentfile.AlignmentFile._open
FileNotFoundError: [Errno 2] could not open alignment file `/aligned/14_3B_control_S10Aligned.out.sam`: No such file or directory
Command exited with non-zero status 1
	Command being timed: "htseq-count --format sam --stranded=yes /aligned/14_3B_control_S10Aligned.out.sam Mus_musculus.GRCm39.107.gtf"
	User time (seconds): 0.12
	System time (seconds): 0.45
	Percent of CPU this job got: 480%
	Elapsed (wall clock) time (h:mm:ss or m:ss): 0:00.12
	Average shared text size (kbytes): 0
	Average unshared data size (kbytes): 0
	Average stack size (kbytes): 0
	Average total size (kbytes): 0
	Maximum resident set size (kbytes): 32876
	Average resident set size (kbytes): 0
	Major (requiring I/O) page faults: 0
	Minor (reclaiming a frame) page faults: 7324
	Voluntary context switches: 107
	Involuntary context switches: 322858
	Swaps: 0
	File system inputs: 0
	File system outputs: 0
	Socket messages sent: 0
	Socket messages received: 0
	Signals delivered: 0
	Page size (bytes): 4096
	Exit status: 1
[E::hts_open_format] Failed to open file "/aligned/14_3B_control_S10Aligned.out.sam" : No such file or directory
Traceback (most recent call last):
  File "/projects/bgmp/bmeluch/miniconda3/envs/QAA/bin/htseq-count", line 5, in <module>
    HTSeq.scripts.count.main()
  File "/projects/bgmp/bmeluch/miniconda3/envs/QAA/lib/python3.10/site-packages/HTSeq/scripts/count.py", line 473, in main
    args = _parse_sanitize_cmdline_arguments()
  File "/projects/bgmp/bmeluch/miniconda3/envs/QAA/lib/python3.10/site-packages/HTSeq/scripts/count.py", line 465, in _parse_sanitize_cmdline_arguments
    _check_sam_files(args.samfilenames)
  File "/projects/bgmp/bmeluch/miniconda3/envs/QAA/lib/python3.10/site-packages/HTSeq/scripts/count.py", line 158, in _check_sam_files
    with pysam.AlignmentFile(sam_filename, "r") as sf:
  File "pysam/libcalignmentfile.pyx", line 751, in pysam.libcalignmentfile.AlignmentFile.__cinit__
  File "pysam/libcalignmentfile.pyx", line 950, in pysam.libcalignmentfile.AlignmentFile._open
FileNotFoundError: [Errno 2] could not open alignment file `/aligned/14_3B_control_S10Aligned.out.sam`: No such file or directory
Command exited with non-zero status 1
	Command being timed: "htseq-count --format sam --stranded=reverse /aligned/14_3B_control_S10Aligned.out.sam Mus_musculus.GRCm39.107.gtf"
	User time (seconds): 0.17
	System time (seconds): 0.61
	Percent of CPU this job got: 639%
	Elapsed (wall clock) time (h:mm:ss or m:ss): 0:00.12
	Average shared text size (kbytes): 0
	Average unshared data size (kbytes): 0
	Average stack size (kbytes): 0
	Average total size (kbytes): 0
	Maximum resident set size (kbytes): 31176
	Average resident set size (kbytes): 0
	Major (requiring I/O) page faults: 0
	Minor (reclaiming a frame) page faults: 7326
	Voluntary context switches: 101
	Involuntary context switches: 2
	Swaps: 0
	File system inputs: 0
	File system outputs: 0
	Socket messages sent: 0
	Socket messages received: 0
	Signals delivered: 0
	Page size (bytes): 4096
	Exit status: 1
