	Command being timed: "/projects/bgmp/bmeluch/bioinfo/Bi623/QAA/part3/PS8.py -f /projects/bgmp/bmeluch/bioinfo/Bi623/QAA/part3/aligned/8_2F_fox_S7Aligned.out.sam -o /projects/bgmp/bmeluch/bioinfo/Bi623/QAA/part3/counts/8_2F_fox_S7_counts.txt"
	User time (seconds): 86.32
	System time (seconds): 6.68
	Percent of CPU this job got: 99%
	Elapsed (wall clock) time (h:mm:ss or m:ss): 1:33.08
	Average shared text size (kbytes): 0
	Average unshared data size (kbytes): 0
	Average stack size (kbytes): 0
	Average total size (kbytes): 0
	Maximum resident set size (kbytes): 4679872
	Average resident set size (kbytes): 0
	Major (requiring I/O) page faults: 0
	Minor (reclaiming a frame) page faults: 1312173
	Voluntary context switches: 200
	Involuntary context switches: 34
	Swaps: 0
	File system inputs: 0
	File system outputs: 0
	Socket messages sent: 0
	Socket messages received: 0
	Signals delivered: 0
	Page size (bytes): 4096
	Exit status: 0
