	Command being timed: "/projects/bgmp/bmeluch/bioinfo/Bi623/QAA/part3/PS8.py -f /projects/bgmp/bmeluch/bioinfo/Bi623/QAA/part3/aligned/14_3B_control_S10Aligned.out.sam -o /projects/bgmp/bmeluch/bioinfo/Bi623/QAA/part3/counts/14_3B_control_S10_counts.txt"
	User time (seconds): 10.17
	System time (seconds): 0.93
	Percent of CPU this job got: 99%
	Elapsed (wall clock) time (h:mm:ss or m:ss): 0:11.18
	Average shared text size (kbytes): 0
	Average unshared data size (kbytes): 0
	Average stack size (kbytes): 0
	Average total size (kbytes): 0
	Maximum resident set size (kbytes): 581984
	Average resident set size (kbytes): 0
	Major (requiring I/O) page faults: 0
	Minor (reclaiming a frame) page faults: 184397
	Voluntary context switches: 126
	Involuntary context switches: 23
	Swaps: 0
	File system inputs: 0
	File system outputs: 0
	Socket messages sent: 0
	Socket messages received: 0
	Signals delivered: 0
	Page size (bytes): 4096
	Exit status: 0
