	Command being timed: "/projects/bgmp/bmeluch/bioinfo/Bi622/Demultiplex/Assignment-the-first/base_distribution.py -f /projects/bgmp/shared/2017_sequencing/demultiplexed/8_2F_fox_S7_L008_R1_001.fastq.gz -o /projects/bgmp/bmeluch/bioinfo/Bi623/QAA/part1/my_plots/8_2F_fox_S7_L008_R1_001_qual_hist.png"
	User time (seconds): 818.58
	System time (seconds): 0.68
	Percent of CPU this job got: 99%
	Elapsed (wall clock) time (h:mm:ss or m:ss): 13:39.74
	Average shared text size (kbytes): 0
	Average unshared data size (kbytes): 0
	Average stack size (kbytes): 0
	Average total size (kbytes): 0
	Maximum resident set size (kbytes): 56280
	Average resident set size (kbytes): 0
	Major (requiring I/O) page faults: 0
	Minor (reclaiming a frame) page faults: 29583
	Voluntary context switches: 1121
	Involuntary context switches: 249
	Swaps: 0
	File system inputs: 0
	File system outputs: 0
	Socket messages sent: 0
	Socket messages received: 0
	Signals delivered: 0
	Page size (bytes): 4096
	Exit status: 0
	Command being timed: "/projects/bgmp/bmeluch/bioinfo/Bi622/Demultiplex/Assignment-the-first/base_distribution.py -f /projects/bgmp/shared/2017_sequencing/demultiplexed/8_2F_fox_S7_L008_R2_001.fastq.gz -o /projects/bgmp/bmeluch/bioinfo/Bi623/QAA/part1/my_plots/8_2F_fox_S7_L008_R2_001_qual_hist.png"
	User time (seconds): 827.57
	System time (seconds): 0.64
	Percent of CPU this job got: 100%
	Elapsed (wall clock) time (h:mm:ss or m:ss): 13:47.79
	Average shared text size (kbytes): 0
	Average unshared data size (kbytes): 0
	Average stack size (kbytes): 0
	Average total size (kbytes): 0
	Maximum resident set size (kbytes): 61860
	Average resident set size (kbytes): 0
	Major (requiring I/O) page faults: 0
	Minor (reclaiming a frame) page faults: 28202
	Voluntary context switches: 122
	Involuntary context switches: 223
	Swaps: 0
	File system inputs: 0
	File system outputs: 0
	Socket messages sent: 0
	Socket messages received: 0
	Signals delivered: 0
	Page size (bytes): 4096
	Exit status: 0
	Command being timed: "/projects/bgmp/bmeluch/bioinfo/Bi622/Demultiplex/Assignment-the-first/base_distribution.py -f /projects/bgmp/shared/2017_sequencing/demultiplexed/14_3B_control_S10_L008_R1_001.fastq.gz -o /projects/bgmp/bmeluch/bioinfo/Bi623/QAA/part1/my_plots/14_3B_control_S10_L008_R1_001_qual_hist.png"
	User time (seconds): 103.04
	System time (seconds): 0.51
	Percent of CPU this job got: 100%
	Elapsed (wall clock) time (h:mm:ss or m:ss): 1:43.22
	Average shared text size (kbytes): 0
	Average unshared data size (kbytes): 0
	Average stack size (kbytes): 0
	Average total size (kbytes): 0
	Maximum resident set size (kbytes): 58312
	Average resident set size (kbytes): 0
	Major (requiring I/O) page faults: 0
	Minor (reclaiming a frame) page faults: 24208
	Voluntary context switches: 255
	Involuntary context switches: 35
	Swaps: 0
	File system inputs: 0
	File system outputs: 0
	Socket messages sent: 0
	Socket messages received: 0
	Signals delivered: 0
	Page size (bytes): 4096
	Exit status: 0
	Command being timed: "/projects/bgmp/bmeluch/bioinfo/Bi622/Demultiplex/Assignment-the-first/base_distribution.py -f /projects/bgmp/shared/2017_sequencing/demultiplexed/14_3B_control_S10_L008_R2_001.fastq.gz -o /projects/bgmp/bmeluch/bioinfo/Bi623/QAA/part1/my_plots/14_3B_control_S10_L008_R2_001_qual_hist.png"
	User time (seconds): 100.44
	System time (seconds): 0.51
	Percent of CPU this job got: 100%
	Elapsed (wall clock) time (h:mm:ss or m:ss): 1:40.57
	Average shared text size (kbytes): 0
	Average unshared data size (kbytes): 0
	Average stack size (kbytes): 0
	Average total size (kbytes): 0
	Maximum resident set size (kbytes): 54228
	Average resident set size (kbytes): 0
	Major (requiring I/O) page faults: 0
	Minor (reclaiming a frame) page faults: 24197
	Voluntary context switches: 141
	Involuntary context switches: 47
	Swaps: 0
	File system inputs: 0
	File system outputs: 0
	Socket messages sent: 0
	Socket messages received: 0
	Signals delivered: 0
	Page size (bytes): 4096
	Exit status: 0
